#
# A fatal error has been detected by the Java Runtime Environment:
#
#  EXCEPTION_ACCESS_VIOLATION (0xc0000005) at pc=0x0000000060cc37d9, pid=4404, tid=0x0000000000000e68
#
# JRE version: OpenJDK Runtime Environment (8.0_242-b01) (build 1.8.0_242-release-1644-b01)
# Java VM: OpenJDK 64-Bit Server VM (25.242-b01 mixed mode windows-amd64 compressed oops)
# Problematic frame:
# V  [jvm.dll+0x3d37d9]
#
# Failed to write core dump. Minidumps are not enabled by default on client versions of Windows
#
# If you would like to submit a bug report, please visit:
#   
#

---------------  T H R E A D  ---------------

Current thread (0x0000000017c28000):  VMThread [stack: 0x0000000019900000,0x0000000019a00000] [id=3688]

siginfo: ExceptionCode=0xc0000005, reading address 0xffffffffffffffff

Registers:
RAX=0x0000000060f0dc20, RBX=0x00000000236a8c40, RCX=0x0000000061081b58, RDX=0x04000000e1c4d0d0
RSP=0x00000000199ff2d8, RBP=0x00000000199ff480, RSI=0x00000000199ff370, RDI=0x0000000017a847c8
R8 =0x00000000d5580000, R9 =0x000000000000ea6d, R10=0x00000000546c6148, R11=0x00000000199ff338
R12=0x0000000000000008, R13=0x0000000000044748, R14=0x0000000000044748, R15=0x0000000061081b58
RIP=0x0000000060cc37d9, EFLAGS=0x0000000000010202

Top of Stack: (sp=0x00000000199ff2d8)
0x00000000199ff2d8:   000000006094470c 0000000002ac0250
0x00000000199ff2e8:   0000000000000000 0000000061081a30
0x00000000199ff2f8:   0000000000000000 0000000000006184
0x00000000199ff308:   0000000060b5c338 0000000002ac0250
0x00000000199ff318:   0000000000000000 0000000061081a30
0x00000000199ff328:   0000000000000008 00000000199ff4a0
0x00000000199ff338:   00000000609455fd 0000000061081b58
0x00000000199ff348:   00000000199ff408 0000000060f0dc68
0x00000000199ff358:   00000000199ff440 00000000199ff370
0x00000000199ff368:   0000000060b5460c 0000001c00003ec9
0x00000000199ff378:   000000001f271de0 000000001b0630f0
0x00000000199ff388:   0000000002ac3630 0000000002ac3630
0x00000000199ff398:   0000000060cc4c11 0000000017c24f80
0x00000000199ff3a8:   0000000060f0dc68 0000000060f0dc68
0x00000000199ff3b8:   0000000017ab5520 0000000061081a30
0x00000000199ff3c8:   0000000000000011 0000000061081a30 

Instructions: (pc=0x0000000060cc37d9)
0x0000000060cc37b9:   cc cc cc cc cc cc cc 48 8d 05 c9 8c 24 00 c3 cc
0x0000000060cc37c9:   cc cc cc cc cc cc cc 48 3b 15 69 b9 3f 00 72 0c
0x0000000060cc37d9:   48 8b 02 24 03 3c 03 74 03 32 c0 c3 b0 01 c3 cc
0x0000000060cc37e9:   cc cc cc cc cc cc cc 40 53 48 83 ec 70 48 8b d9 


Register to memory mapping:

RAX=0x0000000060f0dc20 is an unknown value
RBX=0x00000000236a8c40 is an unknown value
RCX=0x0000000061081b58 is an unknown value
RDX=0x04000000e1c4d0d0 is an unknown value
RSP=0x00000000199ff2d8 is an unknown value
RBP=0x00000000199ff480 is an unknown value
RSI=0x00000000199ff370 is an unknown value
RDI=0x0000000017a847c8 is an unknown value
R8 =0x00000000d5580000 is an oop
[B 
 - klass: {type array byte}
 - length: 4096
R9 =0x000000000000ea6d is an unknown value
R10=0x00000000546c6148 is an unknown value
R11=0x00000000199ff338 is an unknown value
R12=0x0000000000000008 is an unknown value
R13=0x0000000000044748 is an unknown value
R14=0x0000000000044748 is an unknown value
R15=0x0000000061081b58 is an unknown value


Stack: [0x0000000019900000,0x0000000019a00000],  sp=0x00000000199ff2d8,  free space=1020k
Native frames: (J=compiled Java code, j=interpreted, Vv=VM code, C=native code)
V  [jvm.dll+0x3d37d9]

VM_Operation (0x000000001db198a0): ParallelGCFailedAllocation, mode: safepoint, requested by thread 0x000000001fe9d000


---------------  P R O C E S S  ---------------

Java Threads: ( => current thread )
  0x000000001c8f3000 JavaThread "Cache worker for cache directory md-rule (C:\Users\Shania\.gradle\caches\6.1.1\md-rule)" [_thread_blocked, id=9864, stack(0x0000000021ef0000,0x0000000021ff0000)]
  0x000000001c8f9000 JavaThread "Cache worker for cache directory md-supplier (C:\Users\Shania\.gradle\caches\6.1.1\md-supplier)" [_thread_blocked, id=13444, stack(0x0000000020dc0000,0x0000000020ec0000)]
  0x000000001c8f7800 JavaThread "Cache worker for file hash cache (D:\KULIAH\AndroidFiles\Kontak\.gradle\6.1.1\fileHashes)" [_thread_blocked, id=14484, stack(0x0000000020cc0000,0x0000000020dc0000)]
  0x000000001c8f4800 JavaThread "Cache worker for checksums cache (D:\KULIAH\AndroidFiles\Kontak\.gradle\checksums)" [_thread_blocked, id=11700, stack(0x000000001e020000,0x000000001e120000)]
  0x000000001c8f5000 JavaThread "Thread-77" [_thread_blocked, id=19576, stack(0x000000001df20000,0x000000001e020000)]
  0x000000001fe9d800 JavaThread "Stdin handler" [_thread_blocked, id=19012, stack(0x000000001de20000,0x000000001df20000)]
  0x000000001fe9a800 JavaThread "Asynchronous log dispatcher for DefaultDaemonConnection: socket connection from /127.0.0.1:50774 to /127.0.0.1:51136" [_thread_blocked, id=1496, stack(0x000000001db20000,0x000000001dc20000)]
  0x000000001fe9d000 JavaThread "Daemon worker Thread 2" [_thread_blocked, id=19300, stack(0x000000001da20000,0x000000001db20000)]
  0x000000001fe9a000 JavaThread "Cancel handler" [_thread_blocked, id=17992, stack(0x0000000000fa0000,0x00000000010a0000)]
  0x000000001fe98800 JavaThread "Handler for socket connection from /127.0.0.1:50774 to /127.0.0.1:51136" [_thread_in_native, id=20032, stack(0x0000000000ea0000,0x0000000000fa0000)]
  0x000000001fe9c000 JavaThread "Daemon Thread 2" [_thread_blocked, id=456, stack(0x0000000000da0000,0x0000000000ea0000)]
  0x000000001b00f000 JavaThread "Cache worker for Java compile cache (C:\Users\Shania\.gradle\caches\6.1.1\javaCompile)" [_thread_blocked, id=7596, stack(0x0000000027e60000,0x0000000027f60000)]
  0x000000001b007800 JavaThread "Cache worker for file content cache (C:\Users\Shania\.gradle\caches\6.1.1\fileContent)" [_thread_blocked, id=19120, stack(0x0000000026b00000,0x0000000026c00000)]
  0x000000001b008000 JavaThread "Memory manager" [_thread_blocked, id=18452, stack(0x00000000263d0000,0x00000000264d0000)]
  0x000000001c309800 JavaThread "Cache worker for execution history cache (C:\Users\Shania\.gradle\caches\6.1.1\executionHistory)" [_thread_blocked, id=17256, stack(0x00000000220f0000,0x00000000221f0000)]
  0x000000001c308000 JavaThread "Cache worker for file hash cache (C:\Users\Shania\.gradle\caches\6.1.1\fileHashes)" [_thread_blocked, id=16192, stack(0x000000001e820000,0x000000001e920000)]
  0x000000001c30a800 JavaThread "File lock request listener" [_thread_in_native, id=19648, stack(0x000000001e720000,0x000000001e820000)]
  0x000000001c5a7800 JavaThread "Cache worker for journal cache (C:\Users\Shania\.gradle\caches\journal-1)" [_thread_blocked, id=5108, stack(0x000000001e620000,0x000000001e720000)]
  0x000000001c2dc800 JavaThread "Daemon periodic checks" [_thread_blocked, id=16784, stack(0x000000001d920000,0x000000001da20000)]
  0x000000001c2f8000 JavaThread "Incoming local TCP Connector on port 50774" [_thread_in_native, id=17052, stack(0x000000001d6e0000,0x000000001d7e0000)]
  0x000000001c1f0800 JavaThread "Daemon health stats" [_thread_blocked, id=16628, stack(0x000000001d0a0000,0x000000001d1a0000)]
  0x0000000019abf800 JavaThread "Service Thread" daemon [_thread_blocked, id=9820, stack(0x000000001a700000,0x000000001a800000)]
  0x0000000019a41800 JavaThread "C1 CompilerThread3" daemon [_thread_blocked, id=15612, stack(0x000000001a600000,0x000000001a700000)]
  0x0000000019a3c800 JavaThread "C2 CompilerThread2" daemon [_thread_blocked, id=9668, stack(0x000000001a500000,0x000000001a600000)]
  0x0000000019a35800 JavaThread "C2 CompilerThread1" daemon [_thread_blocked, id=7360, stack(0x000000001a400000,0x000000001a500000)]
  0x0000000019a33000 JavaThread "C2 CompilerThread0" daemon [_thread_blocked, id=20400, stack(0x000000001a300000,0x000000001a400000)]
  0x0000000019a30800 JavaThread "Attach Listener" daemon [_thread_blocked, id=15884, stack(0x000000001a200000,0x000000001a300000)]
  0x0000000019a2f000 JavaThread "Signal Dispatcher" daemon [_thread_blocked, id=12008, stack(0x000000001a100000,0x000000001a200000)]
  0x0000000019a20800 JavaThread "Finalizer" daemon [_thread_blocked, id=2072, stack(0x0000000019f00000,0x000000001a000000)]
  0x0000000002bb6800 JavaThread "Reference Handler" daemon [_thread_blocked, id=14252, stack(0x0000000019e00000,0x0000000019f00000)]
  0x0000000002abe800 JavaThread "main" [_thread_blocked, id=8520, stack(0x00000000028f0000,0x00000000029f0000)]

Other Threads:
=>0x0000000017c28000 VMThread [stack: 0x0000000019900000,0x0000000019a00000] [id=3688]
  0x0000000019ac1000 WatcherThread [stack: 0x000000001a800000,0x000000001a900000] [id=3904]

VM state:at safepoint (normal execution)

VM Mutex/Monitor currently owned by a thread:  ([mutex/lock_event])
[0x0000000002abdc20] Threads_lock - owner thread: 0x0000000017c28000
[0x0000000002abd2a0] Heap_lock - owner thread: 0x000000001fe9d000

heap address: 0x0000000080000000, size: 2048 MB, Compressed Oops mode: 32-bit
Narrow klass base: 0x0000000000000000, Narrow klass shift: 3
Compressed class space size: 1073741824 Address: 0x0000000100000000

Heap:
 PSYoungGen      total 196608K, used 196599K [0x00000000d5580000, 0x00000000e3780000, 0x0000000100000000)
  eden space 177152K, 100% used [0x00000000d5580000,0x00000000e0280000,0x00000000e0280000)
  from space 19456K, 99% used [0x00000000e1b00000,0x00000000e2dfdf90,0x00000000e2e00000)
  to   space 25088K, 53% used [0x00000000e0280000,0x00000000e0fb9ef8,0x00000000e1b00000)
 ParOldGen       total 144384K, used 47780K [0x0000000080000000, 0x0000000088d00000, 0x00000000d5580000)
  object space 144384K, 33% used [0x0000000080000000,0x0000000082ea9228,0x0000000088d00000)
 Metaspace       used 85394K, capacity 90094K, committed 90288K, reserved 1126400K
  class space    used 11703K, capacity 12596K, committed 12720K, reserved 1048576K

Card table byte_map: [0x0000000011f80000,0x0000000012390000] byte_map_base: 0x0000000011b80000

Marking Bits: (ParMarkBitMap*) 0x00000000610bf030
 Begin Bits: [0x0000000012e40000, 0x0000000014e40000)
 End Bits:   [0x0000000014e40000, 0x0000000016e40000)

Polling page: 0x0000000000c80000

CodeCache: size=245760Kb used=30227Kb max_used=30227Kb free=215533Kb
 bounds [0x0000000002bc0000, 0x0000000004970000, 0x0000000011bc0000]
 total_blobs=10576 nmethods=9716 adapters=772
 compilation: enabled

Compilation events (10 events):
Event: 489.928 Thread 0x0000000019a41800 nmethod 11350 0x0000000004963b10 code [0x0000000004963da0, 0x0000000004964d78]
Event: 489.928 Thread 0x0000000019a41800 11351   !   3       com.esotericsoftware.kryo.io.Input::close (19 bytes)
Event: 489.929 Thread 0x0000000019a41800 nmethod 11351 0x00000000049653d0 code [0x0000000004965540, 0x00000000049657c8]
Event: 489.930 Thread 0x0000000019a41800 11352       3       org.gradle.api.internal.artifacts.dsl.DefaultComponentMetadataProcessor::processMetadata (237 bytes)
Event: 489.932 Thread 0x0000000019a33000 11355   !   4       org.gradle.internal.serialize.kryo.KryoBackedDecoder::readNullableString (15 bytes)
Event: 489.934 Thread 0x0000000019a33000 nmethod 11355 0x0000000004956110 code [0x0000000004956260, 0x0000000004956338]
Event: 489.937 Thread 0x0000000019a41800 nmethod 11352 0x0000000004966350 code [0x00000000049666a0, 0x0000000004967cb8]
Event: 489.937 Thread 0x0000000019a41800 11353  s    3       org.gradle.api.internal.artifacts.ivyservice.modulecache.DefaultCachedMetadata::putProcessedMetadata (64 bytes)
Event: 489.939 Thread 0x0000000019a41800 nmethod 11353 0x0000000004968590 code [0x00000000049687c0, 0x0000000004969688]
Event: 489.939 Thread 0x0000000019a41800 11354       3       org.gradle.internal.serialize.kryo.KryoBackedDecoder::close (8 bytes)

GC Heap History (10 events):
Event: 7.596 GC heap after
Heap after GC invocations=13 (full 2):
 PSYoungGen      total 150528K, used 13804K [0x00000000d5580000, 0x00000000e1000000, 0x0000000100000000)
  eden space 136704K, 0% used [0x00000000d5580000,0x00000000d5580000,0x00000000ddb00000)
  from space 13824K, 99% used [0x00000000ddb00000,0x00000000de87b0a8,0x00000000de880000)
  to   space 17920K, 0% used [0x00000000dfe80000,0x00000000dfe80000,0x00000000e1000000)
 ParOldGen       total 94720K, used 23021K [0x0000000080000000, 0x0000000085c80000, 0x00000000d5580000)
  object space 94720K, 24% used [0x0000000080000000,0x000000008167b468,0x0000000085c80000)
 Metaspace       used 54318K, capacity 56362K, committed 56624K, reserved 1097728K
  class space    used 7402K, capacity 7882K, committed 7984K, reserved 1048576K
}
Event: 7.968 GC heap before
{Heap before GC invocations=14 (full 2):
 PSYoungGen      total 150528K, used 47989K [0x00000000d5580000, 0x00000000e1000000, 0x0000000100000000)
  eden space 136704K, 25% used [0x00000000d5580000,0x00000000d76e2448,0x00000000ddb00000)
  from space 13824K, 99% used [0x00000000ddb00000,0x00000000de87b0a8,0x00000000de880000)
  to   space 17920K, 0% used [0x00000000dfe80000,0x00000000dfe80000,0x00000000e1000000)
 ParOldGen       total 94720K, used 23021K [0x0000000080000000, 0x0000000085c80000, 0x00000000d5580000)
  object space 94720K, 24% used [0x0000000080000000,0x000000008167b468,0x0000000085c80000)
 Metaspace       used 57100K, capacity 59080K, committed 59160K, reserved 1099776K
  class space    used 7830K, capacity 8325K, committed 8368K, reserved 1048576K
Event: 7.982 GC heap after
Heap after GC invocations=14 (full 2):
 PSYoungGen      total 173056K, used 3602K [0x00000000d5580000, 0x00000000e2380000, 0x0000000100000000)
  eden space 155136K, 0% used [0x00000000d5580000,0x00000000d5580000,0x00000000ded00000)
  from space 17920K, 20% used [0x00000000dfe80000,0x00000000e0204a78,0x00000000e1000000)
  to   space 17920K, 0% used [0x00000000ded00000,0x00000000ded00000,0x00000000dfe80000)
 ParOldGen       total 94720K, used 31771K [0x0000000080000000, 0x0000000085c80000, 0x00000000d5580000)
  object space 94720K, 33% used [0x0000000080000000,0x0000000081f06f30,0x0000000085c80000)
 Metaspace       used 57100K, capacity 59080K, committed 59160K, reserved 1099776K
  class space    used 7830K, capacity 8325K, committed 8368K, reserved 1048576K
}
Event: 7.982 GC heap before
{Heap before GC invocations=15 (full 3):
 PSYoungGen      total 173056K, used 3602K [0x00000000d5580000, 0x00000000e2380000, 0x0000000100000000)
  eden space 155136K, 0% used [0x00000000d5580000,0x00000000d5580000,0x00000000ded00000)
  from space 17920K, 20% used [0x00000000dfe80000,0x00000000e0204a78,0x00000000e1000000)
  to   space 17920K, 0% used [0x00000000ded00000,0x00000000ded00000,0x00000000dfe80000)
 ParOldGen       total 94720K, used 31771K [0x0000000080000000, 0x0000000085c80000, 0x00000000d5580000)
  object space 94720K, 33% used [0x0000000080000000,0x0000000081f06f30,0x0000000085c80000)
 Metaspace       used 57100K, capacity 59080K, committed 59160K, reserved 1099776K
  class space    used 7830K, capacity 8325K, committed 8368K, reserved 1048576K
Event: 8.216 GC heap after
Heap after GC invocations=15 (full 3):
 PSYoungGen      total 173056K, used 0K [0x00000000d5580000, 0x00000000e2380000, 0x0000000100000000)
  eden space 155136K, 0% used [0x00000000d5580000,0x00000000d5580000,0x00000000ded00000)
  from space 17920K, 0% used [0x00000000dfe80000,0x00000000dfe80000,0x00000000e1000000)
  to   space 17920K, 0% used [0x00000000ded00000,0x00000000ded00000,0x00000000dfe80000)
 ParOldGen       total 144384K, used 29631K [0x0000000080000000, 0x0000000088d00000, 0x00000000d5580000)
  object space 144384K, 20% used [0x0000000080000000,0x0000000081ceffd8,0x0000000088d00000)
 Metaspace       used 57069K, capacity 58972K, committed 59160K, reserved 1099776K
  class space    used 7820K, capacity 8307K, committed 8368K, reserved 1048576K
}
Event: 9.911 GC heap before
{Heap before GC invocations=16 (full 3):
 PSYoungGen      total 173056K, used 155136K [0x00000000d5580000, 0x00000000e2380000, 0x0000000100000000)
  eden space 155136K, 100% used [0x00000000d5580000,0x00000000ded00000,0x00000000ded00000)
  from space 17920K, 0% used [0x00000000dfe80000,0x00000000dfe80000,0x00000000e1000000)
  to   space 17920K, 0% used [0x00000000ded00000,0x00000000ded00000,0x00000000dfe80000)
 ParOldGen       total 144384K, used 29631K [0x0000000080000000, 0x0000000088d00000, 0x00000000d5580000)
  object space 144384K, 20% used [0x0000000080000000,0x0000000081ceffd8,0x0000000088d00000)
 Metaspace       used 64497K, capacity 67802K, committed 68016K, reserved 1107968K
  class space    used 8997K, capacity 9646K, committed 9648K, reserved 1048576K
Event: 9.921 GC heap after
Heap after GC invocations=16 (full 3):
 PSYoungGen      total 173056K, used 14339K [0x00000000d5580000, 0x00000000e2e00000, 0x0000000100000000)
  eden space 155136K, 0% used [0x00000000d5580000,0x00000000d5580000,0x00000000ded00000)
  from space 17920K, 80% used [0x00000000ded00000,0x00000000dfb00f78,0x00000000dfe80000)
  to   space 19456K, 0% used [0x00000000e1b00000,0x00000000e1b00000,0x00000000e2e00000)
 ParOldGen       total 144384K, used 29639K [0x0000000080000000, 0x0000000088d00000, 0x00000000d5580000)
  object space 144384K, 20% used [0x0000000080000000,0x0000000081cf1fd8,0x0000000088d00000)
 Metaspace       used 64497K, capacity 67802K, committed 68016K, reserved 1107968K
  class space    used 8997K, capacity 9646K, committed 9648K, reserved 1048576K
}
Event: 12.011 GC heap before
{Heap before GC invocations=17 (full 3):
 PSYoungGen      total 173056K, used 169475K [0x00000000d5580000, 0x00000000e2e00000, 0x0000000100000000)
  eden space 155136K, 100% used [0x00000000d5580000,0x00000000ded00000,0x00000000ded00000)
  from space 17920K, 80% used [0x00000000ded00000,0x00000000dfb00f78,0x00000000dfe80000)
  to   space 19456K, 0% used [0x00000000e1b00000,0x00000000e1b00000,0x00000000e2e00000)
 ParOldGen       total 144384K, used 29639K [0x0000000080000000, 0x0000000088d00000, 0x00000000d5580000)
  object space 144384K, 20% used [0x0000000080000000,0x0000000081cf1fd8,0x0000000088d00000)
 Metaspace       used 77814K, capacity 82106K, committed 82352K, reserved 1120256K
  class space    used 10897K, capacity 11678K, committed 11696K, reserved 1048576K
Event: 12.033 GC heap after
Heap after GC invocations=17 (full 3):
 PSYoungGen      total 196608K, used 19447K [0x00000000d5580000, 0x00000000e3780000, 0x0000000100000000)
  eden space 177152K, 0% used [0x00000000d5580000,0x00000000d5580000,0x00000000e0280000)
  from space 19456K, 99% used [0x00000000e1b00000,0x00000000e2dfdf90,0x00000000e2e00000)
  to   space 25088K, 0% used [0x00000000e0280000,0x00000000e0280000,0x00000000e1b00000)
 ParOldGen       total 144384K, used 37631K [0x0000000080000000, 0x0000000088d00000, 0x00000000d5580000)
  object space 144384K, 26% used [0x0000000080000000,0x00000000824bfc88,0x0000000088d00000)
 Metaspace       used 77814K, capacity 82106K, committed 82352K, reserved 1120256K
  class space    used 10897K, capacity 11678K, committed 11696K, reserved 1048576K
}
Event: 489.943 GC heap before
{Heap before GC invocations=18 (full 3):
 PSYoungGen      total 196608K, used 196599K [0x00000000d5580000, 0x00000000e3780000, 0x0000000100000000)
  eden space 177152K, 100% used [0x00000000d5580000,0x00000000e0280000,0x00000000e0280000)
  from space 19456K, 99% used [0x00000000e1b00000,0x00000000e2dfdf90,0x00000000e2e00000)
  to   space 25088K, 0% used [0x00000000e0280000,0x00000000e0280000,0x00000000e1b00000)
 ParOldGen       total 144384K, used 37631K [0x0000000080000000, 0x0000000088d00000, 0x00000000d5580000)
  object space 144384K, 26% used [0x0000000080000000,0x00000000824bfc88,0x0000000088d00000)
 Metaspace       used 85394K, capacity 90094K, committed 90288K, reserved 1126400K
  class space    used 11703K, capacity 12596K, committed 12720K, reserved 1048576K

Deoptimization events (10 events):
Event: 26.057 Thread 0x000000001b00a800 Uncommon trap: reason=unstable_if action=reinterpret pc=0x00000000031541a4 method=java.util.concurrent.ConcurrentLinkedQueue.updateHead(Ljava/util/concurrent/ConcurrentLinkedQueue$Node;Ljava/util/concurrent/ConcurrentLinkedQueue$Node;)V @ 11
Event: 26.064 Thread 0x000000001b00a800 Uncommon trap: reason=unstable_if action=reinterpret pc=0x0000000002d3c140 method=java.util.concurrent.ConcurrentLinkedQueue.poll()Ljava/lang/Object; @ 25
Event: 26.064 Thread 0x000000001b00a800 Uncommon trap: reason=unstable_if action=reinterpret pc=0x0000000002dbdc60 method=java.util.concurrent.ConcurrentLinkedQueue.updateHead(Ljava/util/concurrent/ConcurrentLinkedQueue$Node;Ljava/util/concurrent/ConcurrentLinkedQueue$Node;)V @ 11
Event: 26.146 Thread 0x000000001b00a800 Uncommon trap: reason=unstable_if action=reinterpret pc=0x000000000310884c method=com.google.common.collect.MapMakerInternalMap$Segment.drainKeyReferenceQueue(Ljava/lang/ref/ReferenceQueue;)V @ 8
Event: 26.427 Thread 0x000000001b00c000 Uncommon trap: reason=class_check action=maybe_recompile pc=0x000000000430de88 method=org.gradle.internal.fingerprint.classpath.impl.ClasspathFingerprintingStrategy$ClasspathContentFingerprintingVisitor.visitFile(Lorg/gradle/internal/snapshot/CompleteFile
Event: 26.469 Thread 0x000000001c2c4800 Uncommon trap: reason=class_check action=maybe_recompile pc=0x000000000440ef60 method=java.util.Spliterators$ArraySpliterator.tryAdvance(Ljava/util/function/Consumer;)Z @ 49
Event: 26.488 Thread 0x000000001c2c4800 Uncommon trap: reason=unstable_if action=reinterpret pc=0x0000000004058edc method=java.util.HashMap.removeNode(ILjava/lang/Object;Ljava/lang/Object;ZZ)Ljava/util/HashMap$Node; @ 71
Event: 26.553 Thread 0x000000001c8f3000 Uncommon trap: reason=unstable_if action=reinterpret pc=0x0000000003c8cbc8 method=com.esotericsoftware.kryo.io.Input.require(I)I @ 180
Event: 31.776 Thread 0x000000001c2dc800 Uncommon trap: reason=speculate_class_check action=maybe_recompile pc=0x000000000420da54 method=java.util.AbstractList.listIterator()Ljava/util/ListIterator; @ 2
Event: 41.754 Thread 0x000000001c2dc800 Uncommon trap: reason=speculate_class_check action=maybe_recompile pc=0x000000000420da54 method=java.util.AbstractList.listIterator()Ljava/util/ListIterator; @ 2

Classes redefined (0 events):
No events

Internal exceptions (10 events):
Event: 26.242 Thread 0x000000001c2c4800 Exception <a 'sun/nio/fs/WindowsException'> (0x00000000de806e80) thrown at [C:\src\AOSP-openjdk-git\hotspot\src\share\vm\prims\jni.cpp, line 710]
Event: 26.242 Thread 0x000000001c2c4800 Exception <a 'sun/nio/fs/WindowsException'> (0x00000000de808650) thrown at [C:\src\AOSP-openjdk-git\hotspot\src\share\vm\prims\jni.cpp, line 710]
Event: 26.242 Thread 0x000000001c2c4800 Exception <a 'sun/nio/fs/WindowsException'> (0x00000000de809e90) thrown at [C:\src\AOSP-openjdk-git\hotspot\src\share\vm\prims\jni.cpp, line 710]
Event: 26.243 Thread 0x000000001c2c4800 Exception <a 'sun/nio/fs/WindowsException'> (0x00000000de80e5e8) thrown at [C:\src\AOSP-openjdk-git\hotspot\src\share\vm\prims\jni.cpp, line 710]
Event: 26.243 Thread 0x000000001c2c4800 Exception <a 'sun/nio/fs/WindowsException'> (0x00000000de80fe00) thrown at [C:\src\AOSP-openjdk-git\hotspot\src\share\vm\prims\jni.cpp, line 710]
Event: 26.243 Thread 0x000000001c2c4800 Exception <a 'sun/nio/fs/WindowsException'> (0x00000000de811688) thrown at [C:\src\AOSP-openjdk-git\hotspot\src\share\vm\prims\jni.cpp, line 710]
Event: 26.243 Thread 0x000000001c2c4800 Exception <a 'sun/nio/fs/WindowsException'> (0x00000000de813fc0) thrown at [C:\src\AOSP-openjdk-git\hotspot\src\share\vm\prims\jni.cpp, line 710]
Event: 26.243 Thread 0x000000001c2c4800 Exception <a 'sun/nio/fs/WindowsException'> (0x00000000de8157e8) thrown at [C:\src\AOSP-openjdk-git\hotspot\src\share\vm\prims\jni.cpp, line 710]
Event: 26.243 Thread 0x000000001c2c4800 Exception <a 'sun/nio/fs/WindowsException'> (0x00000000de817080) thrown at [C:\src\AOSP-openjdk-git\hotspot\src\share\vm\prims\jni.cpp, line 710]
Event: 26.488 Thread 0x000000001c2c4800 Exception <a 'sun/nio/fs/WindowsException'> (0x00000000df9eb700) thrown at [C:\src\AOSP-openjdk-git\hotspot\src\share\vm\prims\jni.cpp, line 710]

Events (10 events):
Event: 489.709 Executing VM operation: RevokeBias done
Event: 489.709 Executing VM operation: RevokeBias
Event: 489.709 Executing VM operation: RevokeBias done
Event: 489.709 Executing VM operation: RevokeBias
Event: 489.709 Executing VM operation: RevokeBias done
Event: 489.709 Executing VM operation: RevokeBias
Event: 489.710 Executing VM operation: RevokeBias done
Event: 489.748 Thread 0x000000001c8f9000 Thread added: 0x000000001c8f9000
Event: 489.757 Thread 0x000000001c8f3000 Thread added: 0x000000001c8f3000
Event: 489.940 Executing VM operation: ParallelGCFailedAllocation


Dynamic libraries:
0x00007ff6e8490000 - 0x00007ff6e84c1000 	D:\Android Studio\jre\bin\java.exe
0x00007fff66f00000 - 0x00007fff670f0000 	C:\WINDOWS\SYSTEM32\ntdll.dll
0x00007fff665d0000 - 0x00007fff66682000 	C:\WINDOWS\System32\KERNEL32.DLL
0x00007fff64b90000 - 0x00007fff64e35000 	C:\WINDOWS\System32\KERNELBASE.dll
0x00007fff65ae0000 - 0x00007fff65b83000 	C:\WINDOWS\System32\ADVAPI32.dll
0x00007fff66c20000 - 0x00007fff66cbe000 	C:\WINDOWS\System32\msvcrt.dll
0x00007fff66cd0000 - 0x00007fff66d67000 	C:\WINDOWS\System32\sechost.dll
0x00007fff66690000 - 0x00007fff667b0000 	C:\WINDOWS\System32\RPCRT4.dll
0x00007fff668f0000 - 0x00007fff66a84000 	C:\WINDOWS\System32\USER32.dll
0x00007fff64b60000 - 0x00007fff64b81000 	C:\WINDOWS\System32\win32u.dll
0x00007fff65ba0000 - 0x00007fff65bc6000 	C:\WINDOWS\System32\GDI32.dll
0x00007fff64e40000 - 0x00007fff64fd6000 	C:\WINDOWS\System32\gdi32full.dll
0x00007fff63f10000 - 0x00007fff63fae000 	C:\WINDOWS\System32\msvcp_win.dll
0x00007fff64180000 - 0x00007fff6427a000 	C:\WINDOWS\System32\ucrtbase.dll
0x00007fff63330000 - 0x00007fff635b4000 	C:\WINDOWS\WinSxS\amd64_microsoft.windows.common-controls_6595b64144ccf1df_6.0.18362.1139_none_9e7bf2d3e4605ac6\COMCTL32.dll
0x00007fff65040000 - 0x00007fff65375000 	C:\WINDOWS\System32\combase.dll
0x00007fff63fb0000 - 0x00007fff64030000 	C:\WINDOWS\System32\bcryptPrimitives.dll
0x00007fff663d0000 - 0x00007fff663fe000 	C:\WINDOWS\System32\IMM32.DLL
0x0000000061270000 - 0x0000000061342000 	D:\Android Studio\jre\jre\bin\msvcr100.dll
0x00000000608f0000 - 0x000000006113b000 	D:\Android Studio\jre\jre\bin\server\jvm.dll
0x00007fff66cc0000 - 0x00007fff66cc8000 	C:\WINDOWS\System32\PSAPI.DLL
0x00007fff63ae0000 - 0x00007fff63ae9000 	C:\WINDOWS\SYSTEM32\WSOCK32.dll
0x00007fff5dd20000 - 0x00007fff5dd2a000 	C:\WINDOWS\SYSTEM32\VERSION.dll
0x00007fff5fc50000 - 0x00007fff5fc74000 	C:\WINDOWS\SYSTEM32\WINMM.dll
0x00007fff66560000 - 0x00007fff665cf000 	C:\WINDOWS\System32\WS2_32.dll
0x00007fff5fc10000 - 0x00007fff5fc3d000 	C:\WINDOWS\SYSTEM32\WINMMBASE.dll
0x00007fff64fe0000 - 0x00007fff6502a000 	C:\WINDOWS\System32\cfgmgr32.dll
0x00007fff5e720000 - 0x00007fff5e72f000 	D:\Android Studio\jre\jre\bin\verify.dll
0x00007fff5cac0000 - 0x00007fff5cae9000 	D:\Android Studio\jre\jre\bin\java.dll
0x00007fff59570000 - 0x00007fff59586000 	D:\Android Studio\jre\jre\bin\zip.dll
0x00007fff65380000 - 0x00007fff65a67000 	C:\WINDOWS\System32\SHELL32.dll
0x00007fff66b10000 - 0x00007fff66bb9000 	C:\WINDOWS\System32\shcore.dll
0x00007fff642a0000 - 0x00007fff64a20000 	C:\WINDOWS\System32\windows.storage.dll
0x00007fff63ee0000 - 0x00007fff63f03000 	C:\WINDOWS\System32\profapi.dll
0x00007fff63e70000 - 0x00007fff63eba000 	C:\WINDOWS\System32\powrprof.dll
0x00007fff63e40000 - 0x00007fff63e50000 	C:\WINDOWS\System32\UMPDC.dll
0x00007fff65c80000 - 0x00007fff65cd2000 	C:\WINDOWS\System32\shlwapi.dll
0x00007fff63ec0000 - 0x00007fff63ed1000 	C:\WINDOWS\System32\kernel.appcore.dll
0x00007fff64280000 - 0x00007fff64297000 	C:\WINDOWS\System32\cryptsp.dll
0x00007fff579d0000 - 0x00007fff579ea000 	D:\Android Studio\jre\jre\bin\net.dll
0x00007fff63010000 - 0x00007fff63077000 	C:\WINDOWS\system32\mswsock.dll
0x00007fff57990000 - 0x00007fff579a3000 	D:\Android Studio\jre\jre\bin\nio.dll
0x00007fff33bc0000 - 0x00007fff33be6000 	C:\Users\Shania\.gradle\native\31\windows-amd64\native-platform.dll
0x00007fff5e630000 - 0x00007fff5e63d000 	D:\Android Studio\jre\jre\bin\management.dll
0x00007fff62b80000 - 0x00007fff62bb3000 	C:\WINDOWS\system32\rsaenh.dll
0x00007fff64b30000 - 0x00007fff64b56000 	C:\WINDOWS\System32\bcrypt.dll
0x00007fff63d60000 - 0x00007fff63d85000 	C:\WINDOWS\SYSTEM32\USERENV.dll
0x00007fff63280000 - 0x00007fff6328c000 	C:\WINDOWS\SYSTEM32\CRYPTBASE.dll
0x00007fff62d20000 - 0x00007fff62d5a000 	C:\WINDOWS\SYSTEM32\IPHLPAPI.DLL
0x00007fff65b90000 - 0x00007fff65b98000 	C:\WINDOWS\System32\NSI.dll
0x00007fff5ae30000 - 0x00007fff5ae46000 	C:\WINDOWS\SYSTEM32\dhcpcsvc6.DLL
0x00007fff5add0000 - 0x00007fff5adec000 	C:\WINDOWS\SYSTEM32\dhcpcsvc.DLL
0x00007fff62d60000 - 0x00007fff62e2b000 	C:\WINDOWS\SYSTEM32\DNSAPI.dll
0x00007fff63890000 - 0x00007fff63a84000 	C:\WINDOWS\SYSTEM32\dbghelp.dll

VM Arguments:
jvm_args: -Xmx2048m -Dfile.encoding=windows-1252 -Duser.country=US -Duser.language=en -Duser.variant 
java_command: org.gradle.launcher.daemon.bootstrap.GradleDaemon 6.1.1
java_class_path (initial): C:\Users\Shania\.gradle\wrapper\dists\gradle-6.1.1-all\cfmwm155h49vnt3hynmlrsdst\gradle-6.1.1\lib\gradle-launcher-6.1.1.jar
Launcher Type: SUN_STANDARD

Environment Variables:
PATH=C:\Users\Shania\AppData\Local\Programs\Python\Python38\Scripts\;C:\Users\Shania\AppData\Local\Programs\Python\Python38\;C:\Program Files\Microsoft MPI\Bin\;C:\Program Files (x86)\Common Files\Intel\Shared Libraries\redist\intel64\compiler;C:\Program Files (x86)\Windows Kits\8.1\Windows Performance Toolkit\;C:\MinGW\bin;C:\Program Files (x86)\Windows Kits\10\Windows Performance Toolkit\;C:\Program Files\dotnet\;E:\PROGRAM\Git\cmd;E:\PROGRAM\Git\mingw64\bin;E:\PROGRAM\Git\usr\bin;C:\xampp\php;C:\composer;C:\Program Files\mosquitto;c:\programs\gmt6\bin;C:\WINDOWS\system32;C:\WINDOWS;C:\WINDOWS\System32\Wbem;C:\WINDOWS\System32\WindowsPowerShell\v1.0\;C:\WINDOWS\System32\OpenSSH\;C:\Program Files\Microsoft SQL Server\Client SDK\ODBC\130\Tools\Binn\;C:\Program Files (x86)\Microsoft SQL Server\140\Tools\Binn\;C:\Program Files\Microsoft SQL Server\140\Tools\Binn\;C:\Program Files\Microsoft SQL Server\140\DTS\Binn\;C:\Program Files (x86)\Microsoft SQL Server\150\DTS\Binn\;C:\Program Files (x86)\Microsoft SQL Server\150\Tools\Binn\;C:\Program Files\Microsoft SQL Server\150\Tools\Binn\;C:\Program Files\Microsoft SQL Server\150\DTS\Binn\;C:\Program Files\Microsoft SQL Server\Client SDK\ODBC\170\Tools\Binn\;C:\Program Files (x86)\Microsoft SQL Server\110\DTS\Binn\;C:\Program Files (x86)\Microsoft SQL Server\120\DTS\Binn\;C:\Program Files (x86)\Microsoft SQL Server\130\DTS\Binn\;C:\Program Files (x86)\Microsoft SQL Server\140\DTS\Binn\;D:\Nodejs\;C:\ProgramData\chocolatey\bin;C:\Go\bin;C:\Users\Shania\AppData\Roaming\Composer\vendor\bin;E:\PROGRAM\wxWidgets\lib\vc_dll;C:\Users\Shania\AppData\Local\Programs\Microsoft VS Code\bin;C:\Program Files\gs\gs9.50\bin;C:\Program Files\gs\gs9.50\lib;C:\Users\Shania\AppData\Local\GitHubDesktop\bin;C:\Program Files\mosquitto;C:\programs\GMT4\bin;C:\Users\Shania\AppData\Local\Microsoft\WindowsApps;C:\Program Files\JetBrains\PyCharm Community Edition 2020.1\bin;;C:\Users\Shania\AppData\Roaming\npm;C:\Users\Shania\go\bin
USERNAME=Shania
OS=Windows_NT
PROCESSOR_IDENTIFIER=Intel64 Family 6 Model 60 Stepping 3, GenuineIntel



---------------  S Y S T E M  ---------------

OS: Windows 10.0 , 64 bit Build 18362 (10.0.18362.1110)

CPU:total 8 (initial active 8) (4 cores per cpu, 2 threads per core) family 6 model 60 stepping 3, cmov, cx8, fxsr, mmx, sse, sse2, sse3, ssse3, sse4.1, sse4.2, popcnt, avx, avx2, aes, clmul, erms, lzcnt, ht, tsc, tscinvbit, bmi1, bmi2

Memory: 4k page, physical 8267592k(827160k free), swap 22089116k(3250496k free)

vm_info: OpenJDK 64-Bit Server VM (25.242-b01) for windows-amd64 JRE (1.8.0_242-release-1644-b01), built by "builder" with MS VC++ 10.0 (VS2010)

time: Tue Nov 03 18:42:38 2020
timezone: SE Asia Standard Time
elapsed time: 490 seconds (0d 0h 8m 10s)

